mode: set
github.com/2389/ish/plugins/github/plugin.go:16.13,18.2 1 1
github.com/2389/ish/plugins/github/plugin.go:26.51,28.16 2 1
github.com/2389/ish/plugins/github/plugin.go:28.16,30.3 1 1
github.com/2389/ish/plugins/github/plugin.go:33.2,33.44 1 1
github.com/2389/ish/plugins/github/plugin.go:33.44,35.3 1 1
github.com/2389/ish/plugins/github/plugin.go:38.2,38.43 1 1
github.com/2389/ish/plugins/github/plugin.go:38.43,40.3 1 1
github.com/2389/ish/plugins/github/plugin.go:42.2,42.18 1 1
github.com/2389/ish/plugins/github/plugin.go:46.76,47.54 1 1
github.com/2389/ish/plugins/github/plugin.go:47.54,49.10 2 1
github.com/2389/ish/plugins/github/plugin.go:49.10,52.4 2 1
github.com/2389/ish/plugins/github/plugin.go:54.3,55.17 2 1
github.com/2389/ish/plugins/github/plugin.go:55.17,58.4 2 1
github.com/2389/ish/plugins/github/plugin.go:60.3,61.40 2 1
github.com/2389/ish/plugins/github/plugin.go:66.68,70.2 3 1
github.com/2389/ish/plugins/github/plugin.go:76.38,78.2 1 1
github.com/2389/ish/plugins/github/plugin.go:80.51,85.2 1 0
github.com/2389/ish/plugins/github/plugin.go:87.54,89.2 0 0
github.com/2389/ish/plugins/github/plugin.go:91.52,93.2 0 0
github.com/2389/ish/plugins/github/plugin.go:95.51,98.2 1 0
github.com/2389/ish/plugins/github/plugin.go:100.86,106.2 1 0
github.com/2389/ish/plugins/github/plugin.go:108.57,109.20 1 1
github.com/2389/ish/plugins/github/plugin.go:109.20,111.3 1 1
github.com/2389/ish/plugins/github/plugin.go:112.2,113.34 2 0
github.com/2389/ish/plugins/github/plugin.go:116.48,118.16 2 0
github.com/2389/ish/plugins/github/plugin.go:118.16,120.3 1 0
github.com/2389/ish/plugins/github/plugin.go:121.2,122.12 2 0
github.com/2389/ish/plugins/github/store.go:58.55,60.43 2 1
github.com/2389/ish/plugins/github/store.go:60.43,62.3 1 0
github.com/2389/ish/plugins/github/store.go:63.2,63.19 1 1
github.com/2389/ish/plugins/github/store.go:66.42,272.32 2 1
github.com/2389/ish/plugins/github/store.go:272.32,273.45 1 1
github.com/2389/ish/plugins/github/store.go:273.45,275.4 1 0
github.com/2389/ish/plugins/github/store.go:277.2,277.12 1 1
github.com/2389/ish/plugins/github/store.go:281.75,290.16 4 1
github.com/2389/ish/plugins/github/store.go:290.16,292.17 1 1
github.com/2389/ish/plugins/github/store.go:292.17,294.4 1 0
github.com/2389/ish/plugins/github/store.go:295.3,295.18 1 1
github.com/2389/ish/plugins/github/store.go:295.18,297.4 1 0
github.com/2389/ish/plugins/github/store.go:298.3,298.22 1 1
github.com/2389/ish/plugins/github/store.go:298.22,300.4 1 0
github.com/2389/ish/plugins/github/store.go:303.3,307.17 2 1
github.com/2389/ish/plugins/github/store.go:307.17,309.4 1 0
github.com/2389/ish/plugins/github/store.go:310.3,310.20 1 1
github.com/2389/ish/plugins/github/store.go:313.2,313.26 1 1
github.com/2389/ish/plugins/github/store.go:313.26,315.3 1 0
github.com/2389/ish/plugins/github/store.go:318.2,322.16 2 1
github.com/2389/ish/plugins/github/store.go:322.16,324.3 1 0
github.com/2389/ish/plugins/github/store.go:326.2,327.16 2 1
github.com/2389/ish/plugins/github/store.go:327.16,329.3 1 0
github.com/2389/ish/plugins/github/store.go:332.2,336.16 2 1
github.com/2389/ish/plugins/github/store.go:336.16,338.3 1 0
github.com/2389/ish/plugins/github/store.go:340.2,348.19 2 1
github.com/2389/ish/plugins/github/store.go:352.66,362.16 4 1
github.com/2389/ish/plugins/github/store.go:362.16,364.3 1 1
github.com/2389/ish/plugins/github/store.go:367.2,367.16 1 1
github.com/2389/ish/plugins/github/store.go:367.16,369.3 1 0
github.com/2389/ish/plugins/github/store.go:370.2,370.17 1 1
github.com/2389/ish/plugins/github/store.go:370.17,372.3 1 0
github.com/2389/ish/plugins/github/store.go:373.2,373.21 1 1
github.com/2389/ish/plugins/github/store.go:373.21,375.3 1 0
github.com/2389/ish/plugins/github/store.go:378.2,379.16 2 1
github.com/2389/ish/plugins/github/store.go:379.17,383.3 0 0
github.com/2389/ish/plugins/github/store.go:385.2,385.19 1 1
github.com/2389/ish/plugins/github/store.go:389.51,391.44 2 0
github.com/2389/ish/plugins/github/store.go:391.44,393.3 1 0
github.com/2389/ish/plugins/github/store.go:394.2,394.54 1 0
