mode: set
github.com/2389/ish/plugins/github/handlers.go:16.85,32.2 4 1
github.com/2389/ish/plugins/github/handlers.go:35.85,44.61 3 1
github.com/2389/ish/plugins/github/handlers.go:44.61,47.3 2 0
github.com/2389/ish/plugins/github/handlers.go:49.2,49.20 1 1
github.com/2389/ish/plugins/github/handlers.go:49.20,52.3 2 0
github.com/2389/ish/plugins/github/handlers.go:54.2,55.16 2 1
github.com/2389/ish/plugins/github/handlers.go:55.16,58.3 2 0
github.com/2389/ish/plugins/github/handlers.go:60.2,64.37 4 1
github.com/2389/ish/plugins/github/handlers.go:68.98,72.16 3 1
github.com/2389/ish/plugins/github/handlers.go:72.16,75.3 2 0
github.com/2389/ish/plugins/github/handlers.go:77.2,78.29 2 1
github.com/2389/ish/plugins/github/handlers.go:78.29,80.3 1 1
github.com/2389/ish/plugins/github/handlers.go:82.2,83.37 2 1
github.com/2389/ish/plugins/github/handlers.go:87.78,93.16 5 1
github.com/2389/ish/plugins/github/handlers.go:93.16,96.3 2 0
github.com/2389/ish/plugins/github/handlers.go:99.2,100.16 2 1
github.com/2389/ish/plugins/github/handlers.go:100.16,103.3 2 0
github.com/2389/ish/plugins/github/handlers.go:105.2,108.37 3 1
github.com/2389/ish/plugins/github/handlers.go:112.81,136.26 2 1
github.com/2389/ish/plugins/github/handlers.go:136.26,138.3 1 0
github.com/2389/ish/plugins/github/handlers.go:140.2,140.17 1 1
github.com/2389/ish/plugins/github/handlers.go:144.76,154.61 5 1
github.com/2389/ish/plugins/github/handlers.go:154.61,157.3 2 0
github.com/2389/ish/plugins/github/handlers.go:159.2,159.21 1 1
github.com/2389/ish/plugins/github/handlers.go:159.21,162.3 2 0
github.com/2389/ish/plugins/github/handlers.go:165.2,167.16 3 1
github.com/2389/ish/plugins/github/handlers.go:167.16,170.3 2 0
github.com/2389/ish/plugins/github/handlers.go:172.2,173.16 2 1
github.com/2389/ish/plugins/github/handlers.go:173.16,176.3 2 0
github.com/2389/ish/plugins/github/handlers.go:178.2,182.37 4 1
github.com/2389/ish/plugins/github/handlers.go:186.75,193.16 5 1
github.com/2389/ish/plugins/github/handlers.go:193.16,196.3 2 0
github.com/2389/ish/plugins/github/handlers.go:198.2,201.16 3 1
github.com/2389/ish/plugins/github/handlers.go:201.16,204.3 2 0
github.com/2389/ish/plugins/github/handlers.go:206.2,207.31 2 1
github.com/2389/ish/plugins/github/handlers.go:207.31,210.3 2 1
github.com/2389/ish/plugins/github/handlers.go:212.2,213.37 2 1
github.com/2389/ish/plugins/github/handlers.go:217.73,225.16 6 0
github.com/2389/ish/plugins/github/handlers.go:225.16,228.3 2 0
github.com/2389/ish/plugins/github/handlers.go:231.2,232.63 2 0
github.com/2389/ish/plugins/github/handlers.go:232.63,235.3 2 0
github.com/2389/ish/plugins/github/handlers.go:237.2,238.16 2 0
github.com/2389/ish/plugins/github/handlers.go:238.16,241.3 2 0
github.com/2389/ish/plugins/github/handlers.go:243.2,247.37 4 0
github.com/2389/ish/plugins/github/handlers.go:251.76,263.61 5 1
github.com/2389/ish/plugins/github/handlers.go:263.61,266.3 2 0
github.com/2389/ish/plugins/github/handlers.go:269.2,271.16 3 1
github.com/2389/ish/plugins/github/handlers.go:271.16,274.3 2 0
github.com/2389/ish/plugins/github/handlers.go:277.2,278.63 2 1
github.com/2389/ish/plugins/github/handlers.go:278.63,281.3 2 0
github.com/2389/ish/plugins/github/handlers.go:283.2,284.16 2 1
github.com/2389/ish/plugins/github/handlers.go:284.16,287.3 2 0
github.com/2389/ish/plugins/github/handlers.go:290.2,290.22 1 1
github.com/2389/ish/plugins/github/handlers.go:290.22,292.3 1 0
github.com/2389/ish/plugins/github/handlers.go:293.2,293.21 1 1
github.com/2389/ish/plugins/github/handlers.go:293.21,295.3 1 0
github.com/2389/ish/plugins/github/handlers.go:296.2,296.22 1 1
github.com/2389/ish/plugins/github/handlers.go:296.22,298.54 2 1
github.com/2389/ish/plugins/github/handlers.go:298.54,301.4 2 1
github.com/2389/ish/plugins/github/handlers.go:301.9,301.34 1 0
github.com/2389/ish/plugins/github/handlers.go:301.34,303.4 1 0
github.com/2389/ish/plugins/github/handlers.go:305.2,305.28 1 1
github.com/2389/ish/plugins/github/handlers.go:305.28,307.3 1 1
github.com/2389/ish/plugins/github/handlers.go:309.2,309.51 1 1
github.com/2389/ish/plugins/github/handlers.go:309.51,312.3 2 0
github.com/2389/ish/plugins/github/handlers.go:314.2,318.37 4 1
github.com/2389/ish/plugins/github/handlers.go:322.89,341.29 2 1
github.com/2389/ish/plugins/github/handlers.go:341.29,343.3 1 1
github.com/2389/ish/plugins/github/handlers.go:345.2,345.27 1 1
github.com/2389/ish/plugins/github/handlers.go:345.27,347.3 1 1
github.com/2389/ish/plugins/github/handlers.go:349.2,349.17 1 1
github.com/2389/ish/plugins/github/plugin.go:16.13,18.2 1 1
github.com/2389/ish/plugins/github/plugin.go:26.51,28.16 2 1
github.com/2389/ish/plugins/github/plugin.go:28.16,30.3 1 1
github.com/2389/ish/plugins/github/plugin.go:33.2,33.44 1 1
github.com/2389/ish/plugins/github/plugin.go:33.44,35.3 1 1
github.com/2389/ish/plugins/github/plugin.go:38.2,38.43 1 1
github.com/2389/ish/plugins/github/plugin.go:38.43,40.3 1 1
github.com/2389/ish/plugins/github/plugin.go:42.2,42.18 1 1
github.com/2389/ish/plugins/github/plugin.go:46.76,47.54 1 1
github.com/2389/ish/plugins/github/plugin.go:47.54,49.10 2 1
github.com/2389/ish/plugins/github/plugin.go:49.10,52.4 2 1
github.com/2389/ish/plugins/github/plugin.go:54.3,55.17 2 1
github.com/2389/ish/plugins/github/plugin.go:55.17,58.4 2 1
github.com/2389/ish/plugins/github/plugin.go:60.3,61.40 2 1
github.com/2389/ish/plugins/github/plugin.go:66.68,70.2 3 1
github.com/2389/ish/plugins/github/plugin.go:76.38,78.2 1 1
github.com/2389/ish/plugins/github/plugin.go:80.51,85.2 1 0
github.com/2389/ish/plugins/github/plugin.go:87.53,107.2 12 0
github.com/2389/ish/plugins/github/plugin.go:110.88,112.2 1 0
github.com/2389/ish/plugins/github/plugin.go:114.72,116.2 1 0
github.com/2389/ish/plugins/github/plugin.go:118.81,120.2 1 0
github.com/2389/ish/plugins/github/plugin.go:122.81,124.2 1 0
github.com/2389/ish/plugins/github/plugin.go:126.52,128.2 0 0
github.com/2389/ish/plugins/github/plugin.go:130.51,133.2 1 0
github.com/2389/ish/plugins/github/plugin.go:135.86,141.2 1 0
github.com/2389/ish/plugins/github/plugin.go:143.57,144.20 1 1
github.com/2389/ish/plugins/github/plugin.go:144.20,146.3 1 1
github.com/2389/ish/plugins/github/plugin.go:147.2,148.34 2 0
github.com/2389/ish/plugins/github/plugin.go:151.48,153.16 2 0
github.com/2389/ish/plugins/github/plugin.go:153.16,155.3 1 0
github.com/2389/ish/plugins/github/plugin.go:156.2,157.12 2 0
github.com/2389/ish/plugins/github/store.go:78.55,80.43 2 1
github.com/2389/ish/plugins/github/store.go:80.43,82.3 1 0
github.com/2389/ish/plugins/github/store.go:83.2,83.19 1 1
github.com/2389/ish/plugins/github/store.go:86.42,292.32 2 1
github.com/2389/ish/plugins/github/store.go:292.32,293.45 1 1
github.com/2389/ish/plugins/github/store.go:293.45,295.4 1 0
github.com/2389/ish/plugins/github/store.go:297.2,297.12 1 1
github.com/2389/ish/plugins/github/store.go:301.75,310.16 4 1
github.com/2389/ish/plugins/github/store.go:310.16,312.17 1 1
github.com/2389/ish/plugins/github/store.go:312.17,314.4 1 0
github.com/2389/ish/plugins/github/store.go:315.3,315.18 1 1
github.com/2389/ish/plugins/github/store.go:315.18,317.4 1 0
github.com/2389/ish/plugins/github/store.go:318.3,318.22 1 1
github.com/2389/ish/plugins/github/store.go:318.22,320.4 1 0
github.com/2389/ish/plugins/github/store.go:323.3,327.17 2 1
github.com/2389/ish/plugins/github/store.go:327.17,329.4 1 0
github.com/2389/ish/plugins/github/store.go:330.3,330.20 1 1
github.com/2389/ish/plugins/github/store.go:333.2,333.26 1 1
github.com/2389/ish/plugins/github/store.go:333.26,335.3 1 0
github.com/2389/ish/plugins/github/store.go:338.2,342.16 2 1
github.com/2389/ish/plugins/github/store.go:342.16,344.3 1 0
github.com/2389/ish/plugins/github/store.go:346.2,347.16 2 1
github.com/2389/ish/plugins/github/store.go:347.16,349.3 1 0
github.com/2389/ish/plugins/github/store.go:352.2,356.16 2 1
github.com/2389/ish/plugins/github/store.go:356.16,358.3 1 0
github.com/2389/ish/plugins/github/store.go:360.2,368.19 2 1
github.com/2389/ish/plugins/github/store.go:372.66,382.16 4 1
github.com/2389/ish/plugins/github/store.go:382.16,384.3 1 1
github.com/2389/ish/plugins/github/store.go:387.2,387.16 1 1
github.com/2389/ish/plugins/github/store.go:387.16,389.3 1 0
github.com/2389/ish/plugins/github/store.go:390.2,390.17 1 1
github.com/2389/ish/plugins/github/store.go:390.17,392.3 1 0
github.com/2389/ish/plugins/github/store.go:393.2,393.21 1 1
github.com/2389/ish/plugins/github/store.go:393.21,395.3 1 0
github.com/2389/ish/plugins/github/store.go:398.2,399.16 2 1
github.com/2389/ish/plugins/github/store.go:399.17,403.3 0 0
github.com/2389/ish/plugins/github/store.go:405.2,405.19 1 1
github.com/2389/ish/plugins/github/store.go:409.51,411.44 2 0
github.com/2389/ish/plugins/github/store.go:411.44,413.3 1 0
github.com/2389/ish/plugins/github/store.go:414.2,414.54 1 0
github.com/2389/ish/plugins/github/store.go:418.60,426.16 4 1
github.com/2389/ish/plugins/github/store.go:426.16,428.3 1 0
github.com/2389/ish/plugins/github/store.go:430.2,430.16 1 1
github.com/2389/ish/plugins/github/store.go:430.16,432.3 1 0
github.com/2389/ish/plugins/github/store.go:433.2,433.17 1 1
github.com/2389/ish/plugins/github/store.go:433.17,435.3 1 0
github.com/2389/ish/plugins/github/store.go:436.2,436.21 1 1
github.com/2389/ish/plugins/github/store.go:436.21,438.3 1 0
github.com/2389/ish/plugins/github/store.go:440.2,440.19 1 1
github.com/2389/ish/plugins/github/store.go:444.116,448.16 3 1
github.com/2389/ish/plugins/github/store.go:448.16,450.3 1 0
github.com/2389/ish/plugins/github/store.go:451.2,459.16 4 1
github.com/2389/ish/plugins/github/store.go:459.16,461.3 1 0
github.com/2389/ish/plugins/github/store.go:463.2,464.16 2 1
github.com/2389/ish/plugins/github/store.go:464.16,466.3 1 0
github.com/2389/ish/plugins/github/store.go:468.2,478.8 1 1
github.com/2389/ish/plugins/github/store.go:482.86,500.16 5 1
github.com/2389/ish/plugins/github/store.go:500.16,502.3 1 0
github.com/2389/ish/plugins/github/store.go:504.2,504.23 1 1
github.com/2389/ish/plugins/github/store.go:504.23,506.3 1 1
github.com/2389/ish/plugins/github/store.go:507.2,507.20 1 1
github.com/2389/ish/plugins/github/store.go:507.20,509.3 1 0
github.com/2389/ish/plugins/github/store.go:511.2,511.19 1 1
github.com/2389/ish/plugins/github/store.go:515.85,533.16 5 1
github.com/2389/ish/plugins/github/store.go:533.16,535.3 1 0
github.com/2389/ish/plugins/github/store.go:537.2,537.23 1 1
github.com/2389/ish/plugins/github/store.go:537.23,539.3 1 1
github.com/2389/ish/plugins/github/store.go:540.2,540.20 1 1
github.com/2389/ish/plugins/github/store.go:540.20,542.3 1 0
github.com/2389/ish/plugins/github/store.go:544.2,544.19 1 1
github.com/2389/ish/plugins/github/store.go:548.82,558.16 2 1
github.com/2389/ish/plugins/github/store.go:558.16,560.3 1 0
github.com/2389/ish/plugins/github/store.go:561.2,564.18 3 1
github.com/2389/ish/plugins/github/store.go:564.18,575.17 5 1
github.com/2389/ish/plugins/github/store.go:575.17,577.4 1 0
github.com/2389/ish/plugins/github/store.go:579.3,579.24 1 1
github.com/2389/ish/plugins/github/store.go:579.24,581.4 1 1
github.com/2389/ish/plugins/github/store.go:582.3,582.21 1 1
github.com/2389/ish/plugins/github/store.go:582.21,584.4 1 0
github.com/2389/ish/plugins/github/store.go:586.3,586.31 1 1
github.com/2389/ish/plugins/github/store.go:589.2,589.26 1 1
github.com/2389/ish/plugins/github/store.go:593.104,597.40 3 1
github.com/2389/ish/plugins/github/store.go:597.40,599.3 1 0
github.com/2389/ish/plugins/github/store.go:601.2,602.21 2 1
github.com/2389/ish/plugins/github/store.go:602.21,604.3 1 1
github.com/2389/ish/plugins/github/store.go:606.2,608.10 3 1
github.com/2389/ish/plugins/github/store.go:608.10,610.3 1 0
github.com/2389/ish/plugins/github/store.go:612.2,617.16 2 1
github.com/2389/ish/plugins/github/store.go:617.16,619.3 1 0
github.com/2389/ish/plugins/github/store.go:621.2,622.16 2 1
github.com/2389/ish/plugins/github/store.go:622.16,624.3 1 0
github.com/2389/ish/plugins/github/store.go:626.2,637.8 1 1
github.com/2389/ish/plugins/github/store.go:641.82,658.16 6 1
github.com/2389/ish/plugins/github/store.go:658.16,660.3 1 0
github.com/2389/ish/plugins/github/store.go:662.2,662.16 1 1
github.com/2389/ish/plugins/github/store.go:662.16,664.3 1 1
github.com/2389/ish/plugins/github/store.go:665.2,665.23 1 1
github.com/2389/ish/plugins/github/store.go:665.23,667.3 1 1
github.com/2389/ish/plugins/github/store.go:668.2,668.23 1 1
github.com/2389/ish/plugins/github/store.go:668.23,670.3 1 0
github.com/2389/ish/plugins/github/store.go:671.2,671.20 1 1
github.com/2389/ish/plugins/github/store.go:671.20,673.3 1 0
github.com/2389/ish/plugins/github/store.go:674.2,674.23 1 1
github.com/2389/ish/plugins/github/store.go:674.23,677.3 2 0
github.com/2389/ish/plugins/github/store.go:678.2,678.20 1 1
github.com/2389/ish/plugins/github/store.go:678.20,680.3 1 1
github.com/2389/ish/plugins/github/store.go:682.2,682.20 1 1
github.com/2389/ish/plugins/github/store.go:686.97,696.17 3 1
github.com/2389/ish/plugins/github/store.go:696.17,699.3 2 0
github.com/2389/ish/plugins/github/store.go:701.2,701.17 1 1
github.com/2389/ish/plugins/github/store.go:701.17,703.3 1 1
github.com/2389/ish/plugins/github/store.go:705.2,708.16 3 1
github.com/2389/ish/plugins/github/store.go:708.16,710.3 1 0
github.com/2389/ish/plugins/github/store.go:711.2,714.18 3 1
github.com/2389/ish/plugins/github/store.go:714.18,725.17 6 1
github.com/2389/ish/plugins/github/store.go:725.17,727.4 1 0
github.com/2389/ish/plugins/github/store.go:729.3,729.17 1 1
github.com/2389/ish/plugins/github/store.go:729.17,731.4 1 1
github.com/2389/ish/plugins/github/store.go:732.3,732.24 1 1
github.com/2389/ish/plugins/github/store.go:732.24,734.4 1 0
github.com/2389/ish/plugins/github/store.go:735.3,735.24 1 1
github.com/2389/ish/plugins/github/store.go:735.24,737.4 1 0
github.com/2389/ish/plugins/github/store.go:738.3,738.21 1 1
github.com/2389/ish/plugins/github/store.go:738.21,740.4 1 0
github.com/2389/ish/plugins/github/store.go:741.3,741.24 1 1
github.com/2389/ish/plugins/github/store.go:741.24,744.4 2 0
github.com/2389/ish/plugins/github/store.go:745.3,745.21 1 1
github.com/2389/ish/plugins/github/store.go:745.21,747.4 1 0
github.com/2389/ish/plugins/github/store.go:749.3,749.34 1 1
github.com/2389/ish/plugins/github/store.go:752.2,752.27 1 1
github.com/2389/ish/plugins/github/store.go:756.55,767.2 4 1
